cl : 命令列 warning D9035: 選項 'Gm' 已被取代，在未來的發行版本中將會移除
  StdAfx.cpp
cl : 命令列 warning D9035: 選項 'Gm' 已被取代，在未來的發行版本中將會移除
cl : 命令列 warning D9030: '/Gm' 和多重處理不相容; 忽略 /MP 參數
  mygame.cpp
  gamelib.cpp
  Stage.cpp
  ScoreBoard.cpp
  MainFrm.cpp
  gameView.cpp
  gameDoc.cpp
  game.cpp
  GameArea.cpp
  Candy.cpp
  Blast.cpp
c:\oop_lab_2024\candycrush\source\blast.cpp(340): warning C4018: '<': signed/unsigned 不相符
c:\oop_lab_2024\candycrush\source\blast.cpp(411): warning C4018: '>=': signed/unsigned 不相符
  audio.cpp
  正在產生程式碼...
audio.obj : warning LNK4075: 忽略 '/EDITANDCONTINUE'，由於 '/SAFESEH' 規格
  game.vcxproj -> C:\OOP_LAB_2024\CandyCrush\.\Debug\game.exe
